# JRE version: OpenJDK Runtime Environment JBR-11.0.13.7-1751.19-jcef (11.0.13+7) (build 11.0.13+7-b1751.19)
# Java VM: OpenJDK 64-Bit Server VM JBR-11.0.13.7-1751.19-jcef (11.0.13+7-b1751.19, mixed mode, tiered, compressed oops, parallel gc, linux-amd64)
Heap:
 PSYoungGen      total 749056K, used 121281K [0x00000007a8980000, 0x00000007e2b80000, 0x0000000800000000)
  eden space 688640K, 14% used [0x00000007a8980000,0x00000007aed6ee30,0x00000007d2a00000)
  from space 60416K, 31% used [0x00000007d2a00000,0x00000007d3c81980,0x00000007d6500000)
  to   space 58880K, 0% used [0x00000007df200000,0x00000007df200000,0x00000007e2b80000)
 ParOldGen       total 270336K, used 200619K [0x00000006f9c00000, 0x000000070a400000, 0x00000007a8980000)
  object space 270336K, 74% used [0x00000006f9c00000,0x0000000705feafa0,0x000000070a400000)
 Metaspace       used 109469K, capacity 112976K, committed 113172K, reserved 1148928K
  class space    used 13415K, capacity 14613K, committed 14720K, reserved 1048576K
GC Heap History (20 events):
Event: 15.387 GC heap before
{Heap before GC invocations=18 (full 4):
 PSYoungGen      total 478720K, used 8368K [0x00000007a8980000, 0x00000007c8600000, 0x0000000800000000)
  eden space 437760K, 0% used [0x00000007a8980000,0x00000007a8980000,0x00000007c3500000)
  from space 40960K, 20% used [0x00000007c5e00000,0x00000007c662c178,0x00000007c8600000)
  to   space 41472K, 0% used [0x00000007c3500000,0x00000007c3500000,0x00000007c5d80000)
 ParOldGen       total 165376K, used 149574K [0x00000006f9c00000, 0x0000000703d80000, 0x00000007a8980000)
  object space 165376K, 90% used [0x00000006f9c00000,0x0000000702e119a8,0x0000000703d80000)
 Metaspace       used 95216K, capacity 98246K, committed 98324K, reserved 1134592K
  class space    used 11817K, capacity 12858K, committed 12928K, reserved 1048576K
}
Event: 15.709 GC heap after
{Heap after GC invocations=18 (full 4):
 PSYoungGen      total 478720K, used 0K [0x00000007a8980000, 0x00000007c8600000, 0x0000000800000000)
  eden space 437760K, 0% used [0x00000007a8980000,0x00000007a8980000,0x00000007c3500000)
  from space 40960K, 0% used [0x00000007c5e00000,0x00000007c5e00000,0x00000007c8600000)
  to   space 41472K, 0% used [0x00000007c3500000,0x00000007c3500000,0x00000007c5d80000)
 ParOldGen       total 165376K, used 134141K [0x00000006f9c00000, 0x0000000703d80000, 0x00000007a8980000)
  object space 165376K, 81% used [0x00000006f9c00000,0x0000000701eff630,0x0000000703d80000)
 Metaspace       used 94982K, capacity 97862K, committed 98324K, reserved 1134592K
  class space    used 11742K, capacity 12725K, committed 12928K, reserved 1048576K
}
Event: 20.891 GC heap before
{Heap before GC invocations=19 (full 4):
 PSYoungGen      total 478720K, used 437760K [0x00000007a8980000, 0x00000007c8600000, 0x0000000800000000)
  eden space 437760K, 100% used [0x00000007a8980000,0x00000007c3500000,0x00000007c3500000)
  from space 40960K, 0% used [0x00000007c5e00000,0x00000007c5e00000,0x00000007c8600000)
  to   space 41472K, 0% used [0x00000007c3500000,0x00000007c3500000,0x00000007c5d80000)
 ParOldGen       total 165376K, used 134141K [0x00000006f9c00000, 0x0000000703d80000, 0x00000007a8980000)
  object space 165376K, 81% used [0x00000006f9c00000,0x0000000701eff6a8,0x0000000703d80000)
 Metaspace       used 101700K, capacity 104825K, committed 104980K, reserved 1140736K
  class space    used 12559K, capacity 13600K, committed 13696K, reserved 1048576K
}
Event: 20.922 GC heap after
{Heap after GC invocations=19 (full 4):
 PSYoungGen      total 479232K, used 41451K [0x00000007a8980000, 0x00000007c9700000, 0x0000000800000000)
  eden space 437760K, 0% used [0x00000007a8980000,0x00000007a8980000,0x00000007c3500000)
  from space 41472K, 99% used [0x00000007c3500000,0x00000007c5d7ad88,0x00000007c5d80000)
  to   space 50176K, 0% used [0x00000007c6600000,0x00000007c6600000,0x00000007c9700000)
 ParOldGen       total 165376K, used 139724K [0x00000006f9c00000, 0x0000000703d80000, 0x00000007a8980000)
  object space 165376K, 84% used [0x00000006f9c00000,0x0000000702473238,0x0000000703d80000)
 Metaspace       used 101700K, capacity 104825K, committed 104980K, reserved 1140736K
  class space    used 12559K, capacity 13600K, committed 13696K, reserved 1048576K
}
Event: 20.922 GC heap before
{Heap before GC invocations=20 (full 5):
 PSYoungGen      total 479232K, used 41451K [0x00000007a8980000, 0x00000007c9700000, 0x0000000800000000)
  eden space 437760K, 0% used [0x00000007a8980000,0x00000007a8980000,0x00000007c3500000)
  from space 41472K, 99% used [0x00000007c3500000,0x00000007c5d7ad88,0x00000007c5d80000)
  to   space 50176K, 0% used [0x00000007c6600000,0x00000007c6600000,0x00000007c9700000)
 ParOldGen       total 165376K, used 139724K [0x00000006f9c00000, 0x0000000703d80000, 0x00000007a8980000)
  object space 165376K, 84% used [0x00000006f9c00000,0x0000000702473238,0x0000000703d80000)
 Metaspace       used 101700K, capacity 104825K, committed 104980K, reserved 1140736K
  class space    used 12559K, capacity 13600K, committed 13696K, reserved 1048576K
}
Event: 21.088 GC heap after
{Heap after GC invocations=20 (full 5):
 PSYoungGen      total 487936K, used 0K [0x00000007a8980000, 0x00000007ce200000, 0x0000000800000000)
  eden space 437760K, 0% used [0x00000007a8980000,0x00000007a8980000,0x00000007c3500000)
  from space 50176K, 0% used [0x00000007c6600000,0x00000007c6600000,0x00000007c9700000)
  to   space 50176K, 0% used [0x00000007c3500000,0x00000007c3500000,0x00000007c6600000)
 ParOldGen       total 270336K, used 135012K [0x00000006f9c00000, 0x000000070a400000, 0x00000007a8980000)
  object space 270336K, 49% used [0x00000006f9c00000,0x0000000701fd9068,0x000000070a400000)
 Metaspace       used 101700K, capacity 104825K, committed 104980K, reserved 1140736K
  class space    used 12559K, capacity 13600K, committed 13696K, reserved 1048576K
}
Event: 22.244 GC heap before
{Heap before GC invocations=21 (full 5):
 PSYoungGen      total 487936K, used 437760K [0x00000007a8980000, 0x00000007ce200000, 0x0000000800000000)
  eden space 437760K, 100% used [0x00000007a8980000,0x00000007c3500000,0x00000007c3500000)
  from space 50176K, 0% used [0x00000007c6600000,0x00000007c6600000,0x00000007c9700000)
  to   space 50176K, 0% used [0x00000007c3500000,0x00000007c3500000,0x00000007c6600000)
 ParOldGen       total 270336K, used 135014K [0x00000006f9c00000, 0x000000070a400000, 0x00000007a8980000)
  object space 270336K, 49% used [0x00000006f9c00000,0x0000000701fd99c8,0x000000070a400000)
 Metaspace       used 106680K, capacity 110041K, committed 110100K, reserved 1144832K
  class space    used 13269K, capacity 14425K, committed 14464K, reserved 1048576K
}
Event: 22.265 GC heap after
{Heap after GC invocations=21 (full 5):
 PSYoungGen      total 487936K, used 18763K [0x00000007a8980000, 0x00000007cdf80000, 0x0000000800000000)
  eden space 437760K, 0% used [0x00000007a8980000,0x00000007a8980000,0x00000007c3500000)
  from space 50176K, 37% used [0x00000007c3500000,0x00000007c4752fd8,0x00000007c6600000)
  to   space 47104K, 0% used [0x00000007cb180000,0x00000007cb180000,0x00000007cdf80000)
 ParOldGen       total 270336K, used 135022K [0x00000006f9c00000, 0x000000070a400000, 0x00000007a8980000)
  object space 270336K, 49% used [0x00000006f9c00000,0x0000000701fdb9c8,0x000000070a400000)
 Metaspace       used 106680K, capacity 110041K, committed 110100K, reserved 1144832K
  class space    used 13269K, capacity 14425K, committed 14464K, reserved 1048576K
}
Event: 23.638 GC heap before
{Heap before GC invocations=22 (full 5):
 PSYoungGen      total 487936K, used 456523K [0x00000007a8980000, 0x00000007cdf80000, 0x0000000800000000)
  eden space 437760K, 100% used [0x00000007a8980000,0x00000007c3500000,0x00000007c3500000)
  from space 50176K, 37% used [0x00000007c3500000,0x00000007c4752fd8,0x00000007c6600000)
  to   space 47104K, 0% used [0x00000007cb180000,0x00000007cb180000,0x00000007cdf80000)
 ParOldGen       total 270336K, used 135022K [0x00000006f9c00000, 0x000000070a400000, 0x00000007a8980000)
  object space 270336K, 49% used [0x00000006f9c00000,0x0000000701fdb9c8,0x000000070a400000)
 Metaspace       used 108266K, capacity 111737K, committed 111764K, reserved 1146880K
  class space    used 13379K, capacity 14569K, committed 14592K, reserved 1048576K
}
Event: 23.664 GC heap after
{Heap after GC invocations=22 (full 5):
 PSYoungGen      total 533504K, used 38536K [0x00000007a8980000, 0x00000007cd780000, 0x0000000800000000)
  eden space 494592K, 0% used [0x00000007a8980000,0x00000007a8980000,0x00000007c6c80000)
  from space 38912K, 99% used [0x00000007cb180000,0x00000007cd7221e0,0x00000007cd780000)
  to   space 51712K, 0% used [0x00000007c7280000,0x00000007c7280000,0x00000007ca500000)
 ParOldGen       total 270336K, used 135030K [0x00000006f9c00000, 0x000000070a400000, 0x00000007a8980000)
  object space 270336K, 49% used [0x00000006f9c00000,0x0000000701fdd9c8,0x000000070a400000)
 Metaspace       used 108266K, capacity 111737K, committed 111764K, reserved 1146880K
  class space    used 13379K, capacity 14569K, committed 14592K, reserved 1048576K
}
Event: 24.698 GC heap before
{Heap before GC invocations=23 (full 5):
 PSYoungGen      total 533504K, used 533128K [0x00000007a8980000, 0x00000007cd780000, 0x0000000800000000)
  eden space 494592K, 100% used [0x00000007a8980000,0x00000007c6c80000,0x00000007c6c80000)
  from space 38912K, 99% used [0x00000007cb180000,0x00000007cd7221e0,0x00000007cd780000)
  to   space 51712K, 0% used [0x00000007c7280000,0x00000007c7280000,0x00000007ca500000)
 ParOldGen       total 270336K, used 135030K [0x00000006f9c00000, 0x000000070a400000, 0x00000007a8980000)
  object space 270336K, 49% used [0x00000006f9c00000,0x0000000701fdd9c8,0x000000070a400000)
 Metaspace       used 108567K, capacity 112050K, committed 112276K, reserved 1146880K
  class space    used 13386K, capacity 14579K, committed 14592K, reserved 1048576K
}
Event: 24.746 GC heap after
{Heap after GC invocations=23 (full 5):
 PSYoungGen      total 552448K, used 41564K [0x00000007a8980000, 0x00000007d2a80000, 0x0000000800000000)
  eden space 500736K, 0% used [0x00000007a8980000,0x00000007a8980000,0x00000007c7280000)
  from space 51712K, 80% used [0x00000007c7280000,0x00000007c9b17268,0x00000007ca500000)
  to   space 55808K, 0% used [0x00000007cf400000,0x00000007cf400000,0x00000007d2a80000)
 ParOldGen       total 270336K, used 135038K [0x00000006f9c00000, 0x000000070a400000, 0x00000007a8980000)
  object space 270336K, 49% used [0x00000006f9c00000,0x0000000701fdf9c8,0x000000070a400000)
 Metaspace       used 108567K, capacity 112050K, committed 112276K, reserved 1146880K
  class space    used 13386K, capacity 14579K, committed 14592K, reserved 1048576K
}
Event: 25.616 GC heap before
{Heap before GC invocations=24 (full 5):
 PSYoungGen      total 552448K, used 542300K [0x00000007a8980000, 0x00000007d2a80000, 0x0000000800000000)
  eden space 500736K, 100% used [0x00000007a8980000,0x00000007c7280000,0x00000007c7280000)
  from space 51712K, 80% used [0x00000007c7280000,0x00000007c9b17268,0x00000007ca500000)
  to   space 55808K, 0% used [0x00000007cf400000,0x00000007cf400000,0x00000007d2a80000)
 ParOldGen       total 270336K, used 135038K [0x00000006f9c00000, 0x000000070a400000, 0x00000007a8980000)
  object space 270336K, 49% used [0x00000006f9c00000,0x0000000701fdf9c8,0x000000070a400000)
 Metaspace       used 108638K, capacity 112116K, committed 112276K, reserved 1146880K
  class space    used 13387K, capacity 14579K, committed 14592K, reserved 1048576K
}
Event: 25.712 GC heap after
{Heap after GC invocations=24 (full 5):
 PSYoungGen      total 624128K, used 55790K [0x00000007a8980000, 0x00000007d6200000, 0x0000000800000000)
  eden space 568320K, 0% used [0x00000007a8980000,0x00000007a8980000,0x00000007cb480000)
  from space 55808K, 99% used [0x00000007cf400000,0x00000007d2a7ba08,0x00000007d2a80000)
  to   space 65024K, 0% used [0x00000007cb480000,0x00000007cb480000,0x00000007cf400000)
 ParOldGen       total 270336K, used 136746K [0x00000006f9c00000, 0x000000070a400000, 0x00000007a8980000)
  object space 270336K, 50% used [0x00000006f9c00000,0x000000070218aa78,0x000000070a400000)
 Metaspace       used 108638K, capacity 112116K, committed 112276K, reserved 1146880K
  class space    used 13387K, capacity 14579K, committed 14592K, reserved 1048576K
}
Event: 26.652 GC heap before
{Heap before GC invocations=25 (full 5):
 PSYoungGen      total 624128K, used 624110K [0x00000007a8980000, 0x00000007d6200000, 0x0000000800000000)
  eden space 568320K, 100% used [0x00000007a8980000,0x00000007cb480000,0x00000007cb480000)
  from space 55808K, 99% used [0x00000007cf400000,0x00000007d2a7ba08,0x00000007d2a80000)
  to   space 65024K, 0% used [0x00000007cb480000,0x00000007cb480000,0x00000007cf400000)
 ParOldGen       total 270336K, used 136746K [0x00000006f9c00000, 0x000000070a400000, 0x00000007a8980000)
  object space 270336K, 50% used [0x00000006f9c00000,0x000000070218aa78,0x000000070a400000)
 Metaspace       used 109023K, capacity 112503K, committed 112660K, reserved 1146880K
  class space    used 13400K, capacity 14602K, committed 14720K, reserved 1048576K
}
Event: 26.675 GC heap after
{Heap after GC invocations=25 (full 5):
 PSYoungGen      total 633344K, used 31565K [0x00000007a8980000, 0x00000007da900000, 0x0000000800000000)
  eden space 568320K, 0% used [0x00000007a8980000,0x00000007a8980000,0x00000007cb480000)
  from space 65024K, 48% used [0x00000007cb480000,0x00000007cd353630,0x00000007cf400000)
  to   space 62976K, 0% used [0x00000007d6b80000,0x00000007d6b80000,0x00000007da900000)
 ParOldGen       total 270336K, used 163223K [0x00000006f9c00000, 0x000000070a400000, 0x00000007a8980000)
  object space 270336K, 60% used [0x00000006f9c00000,0x0000000703b65c08,0x000000070a400000)
 Metaspace       used 109023K, capacity 112503K, committed 112660K, reserved 1146880K
  class space    used 13400K, capacity 14602K, committed 14720K, reserved 1048576K
}
Event: 27.744 GC heap before
{Heap before GC invocations=26 (full 5):
 PSYoungGen      total 633344K, used 599885K [0x00000007a8980000, 0x00000007da900000, 0x0000000800000000)
  eden space 568320K, 100% used [0x00000007a8980000,0x00000007cb480000,0x00000007cb480000)
  from space 65024K, 48% used [0x00000007cb480000,0x00000007cd353630,0x00000007cf400000)
  to   space 62976K, 0% used [0x00000007d6b80000,0x00000007d6b80000,0x00000007da900000)
 ParOldGen       total 270336K, used 163223K [0x00000006f9c00000, 0x000000070a400000, 0x00000007a8980000)
  object space 270336K, 60% used [0x00000006f9c00000,0x0000000703b65c08,0x000000070a400000)
 Metaspace       used 109073K, capacity 112511K, committed 112660K, reserved 1146880K
  class space    used 13401K, capacity 14603K, committed 14720K, reserved 1048576K
}
Event: 27.774 GC heap after
{Heap after GC invocations=26 (full 5):
 PSYoungGen      total 742400K, used 30061K [0x00000007a8980000, 0x00000007da000000, 0x0000000800000000)
  eden space 688640K, 0% used [0x00000007a8980000,0x00000007a8980000,0x00000007d2a00000)
  from space 53760K, 55% used [0x00000007d6b80000,0x00000007d88db620,0x00000007da000000)
  to   space 60416K, 0% used [0x00000007d2a00000,0x00000007d2a00000,0x00000007d6500000)
 ParOldGen       total 270336K, used 184878K [0x00000006f9c00000, 0x000000070a400000, 0x00000007a8980000)
  object space 270336K, 68% used [0x00000006f9c00000,0x000000070508ba70,0x000000070a400000)
 Metaspace       used 109073K, capacity 112511K, committed 112660K, reserved 1146880K
  class space    used 13401K, capacity 14603K, committed 14720K, reserved 1048576K
}
Event: 28.989 GC heap before
{Heap before GC invocations=27 (full 5):
 PSYoungGen      total 742400K, used 718701K [0x00000007a8980000, 0x00000007da000000, 0x0000000800000000)
  eden space 688640K, 100% used [0x00000007a8980000,0x00000007d2a00000,0x00000007d2a00000)
  from space 53760K, 55% used [0x00000007d6b80000,0x00000007d88db620,0x00000007da000000)
  to   space 60416K, 0% used [0x00000007d2a00000,0x00000007d2a00000,0x00000007d6500000)
 ParOldGen       total 270336K, used 184878K [0x00000006f9c00000, 0x000000070a400000, 0x00000007a8980000)
  object space 270336K, 68% used [0x00000006f9c00000,0x000000070508ba70,0x000000070a400000)
 Metaspace       used 109416K, capacity 112968K, committed 113172K, reserved 1148928K
  class space    used 13415K, capacity 14613K, committed 14720K, reserved 1048576K
}
Event: 29.033 GC heap after
{Heap after GC invocations=27 (full 5):
 PSYoungGen      total 749056K, used 18950K [0x00000007a8980000, 0x00000007e2b80000, 0x0000000800000000)
  eden space 688640K, 0% used [0x00000007a8980000,0x00000007a8980000,0x00000007d2a00000)
  from space 60416K, 31% used [0x00000007d2a00000,0x00000007d3c81980,0x00000007d6500000)
  to   space 58880K, 0% used [0x00000007df200000,0x00000007df200000,0x00000007e2b80000)
 ParOldGen       total 270336K, used 200619K [0x00000006f9c00000, 0x000000070a400000, 0x00000007a8980000)
  object space 270336K, 74% used [0x00000006f9c00000,0x0000000705feafa0,0x000000070a400000)
 Metaspace       used 109416K, capacity 112968K, committed 113172K, reserved 1148928K
  class space    used 13415K, capacity 14613K, committed 14720K, reserved 1048576K
}

